# JRE version: OpenJDK Runtime Environment Corretto-17.0.11.9.1 (17.0.11+9) (build 17.0.11+9-LTS)
# Java VM: OpenJDK 64-Bit Server VM Corretto-17.0.11.9.1 (17.0.11+9-LTS, mixed mode, sharing, tiered, compressed oops, compressed class ptrs, g1 gc, windows-amd64)
GC Precious Log:
 CPUs: 2 total, 2 available
 Memory: 3902M
 Large Page Support: Disabled
 NUMA Support: Disabled
 Compressed Oops: Enabled (32-bit)
 Heap Region Size: 1M
 Heap Min Capacity: 8M
 Heap Initial Capacity: 62M
 Heap Max Capacity: 512M
 Pre-touch: Disabled
 Parallel Workers: 2
 Concurrent Workers: 1
 Concurrent Refinement Workers: 2
 Periodic GC: Disabled
Heap:
 garbage-first heap   total 55296K, used 22752K [0x00000000e0000000, 0x0000000100000000)
  region size 1024K, 9 young (9216K), 4 survivors (4096K)
 Metaspace       used 29583K, committed 29952K, reserved 1114112K
  class space    used 4070K, committed 4288K, reserved 1048576K
GC Heap History (18 events):
Event: 1.034 GC heap before
{Heap before GC invocations=0 (full 0):
 garbage-first heap   total 63488K, used 6144K [0x00000000e0000000, 0x0000000100000000)
  region size 1024K, 6 young (6144K), 0 survivors (0K)
 Metaspace       used 1439K, committed 1664K, reserved 1114112K
  class space    used 142K, committed 256K, reserved 1048576K
}
Event: 1.045 GC heap after
{Heap after GC invocations=1 (full 0):
 garbage-first heap   total 63488K, used 3168K [0x00000000e0000000, 0x0000000100000000)
  region size 1024K, 1 young (1024K), 1 survivors (1024K)
 Metaspace       used 1439K, committed 1664K, reserved 1114112K
  class space    used 142K, committed 256K, reserved 1048576K
}
Event: 1.172 GC heap before
{Heap before GC invocations=1 (full 0):
 garbage-first heap   total 63488K, used 6240K [0x00000000e0000000, 0x0000000100000000)
  region size 1024K, 5 young (5120K), 1 survivors (1024K)
 Metaspace       used 1547K, committed 1728K, reserved 1114112K
  class space    used 147K, committed 256K, reserved 1048576K
}
Event: 1.179 GC heap after
{Heap after GC invocations=2 (full 0):
 garbage-first heap   total 63488K, used 6421K [0x00000000e0000000, 0x0000000100000000)
  region size 1024K, 1 young (1024K), 1 survivors (1024K)
 Metaspace       used 1547K, committed 1728K, reserved 1114112K
  class space    used 147K, committed 256K, reserved 1048576K
}
Event: 1.772 GC heap before
{Heap before GC invocations=2 (full 0):
 garbage-first heap   total 63488K, used 11541K [0x00000000e0000000, 0x0000000100000000)
  region size 1024K, 7 young (7168K), 1 survivors (1024K)
 Metaspace       used 3191K, committed 3392K, reserved 1114112K
  class space    used 369K, committed 448K, reserved 1048576K
}
Event: 1.778 GC heap after
{Heap after GC invocations=3 (full 0):
 garbage-first heap   total 63488K, used 9777K [0x00000000e0000000, 0x0000000100000000)
  region size 1024K, 1 young (1024K), 1 survivors (1024K)
 Metaspace       used 3191K, committed 3392K, reserved 1114112K
  class space    used 369K, committed 448K, reserved 1048576K
}
Event: 3.161 GC heap before
{Heap before GC invocations=3 (full 0):
 garbage-first heap   total 63488K, used 20017K [0x00000000e0000000, 0x0000000100000000)
  region size 1024K, 11 young (11264K), 1 survivors (1024K)
 Metaspace       used 6325K, committed 6592K, reserved 1114112K
  class space    used 814K, committed 960K, reserved 1048576K
}
Event: 3.169 GC heap after
{Heap after GC invocations=4 (full 0):
 garbage-first heap   total 63488K, used 11702K [0x00000000e0000000, 0x0000000100000000)
  region size 1024K, 2 young (2048K), 2 survivors (2048K)
 Metaspace       used 6325K, committed 6592K, reserved 1114112K
  class space    used 814K, committed 960K, reserved 1048576K
}
Event: 4.220 GC heap before
{Heap before GC invocations=4 (full 0):
 garbage-first heap   total 63488K, used 26038K [0x00000000e0000000, 0x0000000100000000)
  region size 1024K, 17 young (17408K), 2 survivors (2048K)
 Metaspace       used 9707K, committed 9984K, reserved 1114112K
  class space    used 1234K, committed 1344K, reserved 1048576K
}
Event: 4.228 GC heap after
{Heap after GC invocations=5 (full 0):
 garbage-first heap   total 63488K, used 13032K [0x00000000e0000000, 0x0000000100000000)
  region size 1024K, 3 young (3072K), 3 survivors (3072K)
 Metaspace       used 9707K, committed 9984K, reserved 1114112K
  class space    used 1234K, committed 1344K, reserved 1048576K
}
Event: 6.996 GC heap before
{Heap before GC invocations=5 (full 0):
 garbage-first heap   total 63488K, used 39656K [0x00000000e0000000, 0x0000000100000000)
  region size 1024K, 29 young (29696K), 3 survivors (3072K)
 Metaspace       used 15248K, committed 15488K, reserved 1114112K
  class space    used 1971K, committed 2112K, reserved 1048576K
}
Event: 7.009 GC heap after
{Heap after GC invocations=6 (full 0):
 garbage-first heap   total 63488K, used 14503K [0x00000000e0000000, 0x0000000100000000)
  region size 1024K, 3 young (3072K), 3 survivors (3072K)
 Metaspace       used 15248K, committed 15488K, reserved 1114112K
  class space    used 1971K, committed 2112K, reserved 1048576K
}
Event: 9.113 GC heap before
{Heap before GC invocations=6 (full 0):
 garbage-first heap   total 63488K, used 43175K [0x00000000e0000000, 0x0000000100000000)
  region size 1024K, 31 young (31744K), 3 survivors (3072K)
 Metaspace       used 18300K, committed 18624K, reserved 1114112K
  class space    used 2419K, committed 2560K, reserved 1048576K
}
Event: 9.128 GC heap after
{Heap after GC invocations=7 (full 0):
 garbage-first heap   total 63488K, used 15020K [0x00000000e0000000, 0x0000000100000000)
  region size 1024K, 2 young (2048K), 2 survivors (2048K)
 Metaspace       used 18300K, committed 18624K, reserved 1114112K
  class space    used 2419K, committed 2560K, reserved 1048576K
}
Event: 11.348 GC heap before
{Heap before GC invocations=7 (full 0):
 garbage-first heap   total 63488K, used 34476K [0x00000000e0000000, 0x0000000100000000)
  region size 1024K, 22 young (22528K), 2 survivors (2048K)
 Metaspace       used 21243K, committed 21504K, reserved 1114112K
  class space    used 2961K, committed 3072K, reserved 1048576K
}
Event: 11.365 GC heap after
{Heap after GC invocations=8 (full 0):
 garbage-first heap   total 63488K, used 15851K [0x00000000e0000000, 0x0000000100000000)
  region size 1024K, 3 young (3072K), 3 survivors (3072K)
 Metaspace       used 21243K, committed 21504K, reserved 1114112K
  class space    used 2961K, committed 3072K, reserved 1048576K
}
Event: 34.184 GC heap before
{Heap before GC invocations=9 (full 0):
 garbage-first heap   total 55296K, used 45547K [0x00000000e0000000, 0x0000000100000000)
  region size 1024K, 32 young (32768K), 3 survivors (3072K)
 Metaspace       used 29357K, committed 29824K, reserved 1114112K
  class space    used 4045K, committed 4288K, reserved 1048576K
}
Event: 34.216 GC heap after
{Heap after GC invocations=10 (full 0):
 garbage-first heap   total 55296K, used 18656K [0x00000000e0000000, 0x0000000100000000)
  region size 1024K, 4 young (4096K), 4 survivors (4096K)
 Metaspace       used 29357K, committed 29824K, reserved 1114112K
  class space    used 4045K, committed 4288K, reserved 1048576K
}

