<?xml version="1.0" encoding="UTF-8"?>
<testsuite name="Busqueda por fecha" tests="1" skipped="0" failures="0" errors="0" timestamp="2024-05-20T02:40:16" hostname="MSI" time="13.022">
  <properties/>
  <testcase name="Busqueda por fecha exitosa" classname="Busqueda por fecha" time="13.022"/>
  <system-out><![CDATA[]]></system-out>
  <system-err><![CDATA[may. 19, 2024 9:40:23 P. M. org.openqa.selenium.devtools.CdpVersionFinder findNearestMatch
WARNING: Unable to find an exact match for CDP version 124, returning the closest version; found: 120; Please update to a Selenium version that supports CDP version 124
]]></system-err>
</testsuite>
