<?xml version="1.0" encoding="UTF-8" standalone="no"?><testsuite errors="0" failures="1" name="Busqueda por cantidad de personas" skipped="0" tests="3" time="39.65" timestamp="2024-05-26 11:15:14"><testcase name="Busqueda por cantidad de personas exitoso"/><testcase name="Busqueda por cantidad de adulto con niños exitoso"/><testcase name="Busqueda por cantidad de personas mayor a 8"><failure message="La suma de adultos y niÃ±os debe ser mayor a 8" type="java.lang.AssertionError">La suma de adultos y niÃ±os debe ser mayor a 8</failure><system-err>La suma de adultos y niÃ±os debe ser mayor a 8&#13;
co.com.udea.certificacion.autenticacion.stepdefinitions.HU1_5BusqPorPersonasStepDefinition.validateTotalPassengers(HU1_5BusqPorPersonasStepDefinition.java:80)&#13;
✽.La suma de ambos campos es mayor que 8(file:///C:/Users/saray/Downloads/Calidad/Calidad/Automatizacion/src/test/resources/features/HU1.5_busq_por_personas.feature:18)&#13;
</system-err></testcase></testsuite>