<?xml version="1.0" encoding="UTF-8" standalone="no"?><testsuite errors="0" failures="1" name="Resultados de Busqueda" skipped="0" tests="2" time="33.67" timestamp="2024-05-25 02:48:02"><testcase name="Mostrar Busqueda satisfactoriamente"/><testcase name="No existen resultados disponibles"><failure message="&#10;Expected: (null or an empty string)&#10;     but: was &quot;Recomendado:&quot;" type="java.lang.AssertionError">
Expected: (null or an empty string)
     but: was "Recomendado:"</failure><system-err>
Expected: (null or an empty string)
     but: was "Recomendado:"&#13;
co.com.udea.certificacion.autenticacion.stepdefinitions.HU1_3ResultadosBusquedaStepDefinition.NoResultsFound(HU1_3ResultadosBusquedaStepDefinition.java:84)&#13;
worker.org.gradle.process.internal.worker.GradleWorkerMain.run(GradleWorkerMain.java:69)&#13;
worker.org.gradle.process.internal.worker.GradleWorkerMain.main(GradleWorkerMain.java:74)&#13;
</system-err></testcase></testsuite>