<?xml version="1.0" encoding="UTF-8" standalone="no"?><testsuite errors="0" failures="2" name="Busqueda por fecha" skipped="0" tests="3" time="16.7" timestamp="2024-05-21 03:24:28"><testcase name="Busqueda por fecha exitosa"/><testcase name="Busqueda de fecha anterior al día actual"><failure message="&#10;Expected: not a string containing &quot;Recomendado:&quot;&#10;     but: was &quot;Recomendado:&quot;" type="java.lang.AssertionError">
Expected: not a string containing "Recomendado:"
     but: was "Recomendado:"</failure><system-err>
Expected: not a string containing "Recomendado:"
     but: was "Recomendado:"&#13;
co.com.udea.certificacion.autenticacion.stepdefinitions.HU1_2BusqPorFechaStepDefinition.canNotLookFlights(HU1_2BusqPorFechaStepDefinition.java:90)&#13;
worker.org.gradle.process.internal.worker.GradleWorkerMain.run(GradleWorkerMain.java:69)&#13;
worker.org.gradle.process.internal.worker.GradleWorkerMain.main(GradleWorkerMain.java:74)&#13;
</system-err></testcase><testcase name="Busqueda sin fecha"><failure message="&#10;Expected: not a string containing &quot;Recomendado:&quot;&#10;     but: was &quot;Recomendado:&quot;" type="java.lang.AssertionError">
Expected: not a string containing "Recomendado:"
     but: was "Recomendado:"</failure><system-err>
Expected: not a string containing "Recomendado:"
     but: was "Recomendado:"&#13;
co.com.udea.certificacion.autenticacion.stepdefinitions.HU1_2BusqPorFechaStepDefinition.canNotFindFlights(HU1_2BusqPorFechaStepDefinition.java:109)&#13;
worker.org.gradle.process.internal.worker.GradleWorkerMain.run(GradleWorkerMain.java:69)&#13;
worker.org.gradle.process.internal.worker.GradleWorkerMain.main(GradleWorkerMain.java:74)&#13;
</system-err></testcase></testsuite>